<?xml version="1.0" encoding="UTF-8"?>
<testsuite name="TimerTest" tests="1" skipped="0" failures="0" errors="0" timestamp="2021-08-15T20:03:58" hostname="apolo" time="54.476">
  <properties/>
  <testcase name="testSetTime()" classname="TimerTest" time="54.476"/>
  <system-out><![CDATA[]]></system-out>
  <system-err><![CDATA[ago. 15, 2021 4:04:40 P. M. io.appium.java_client.remote.AppiumCommandExecutor$1 lambda$0
INFORMACIÃ“N: Detected dialect: W3C
]]></system-err>
</testsuite>
